<?xml version="1.0" encoding="UTF-8"?>
<testsuite xmlns:xsi="http://www.w3.org/2001/XMLSchema-instance" xsi:noNamespaceSchemaLocation="https://maven.apache.org/surefire/maven-surefire-plugin/xsd/surefire-test-report.xsd" name="org.wit.repository.UserDAOTest" time="0.059" tests="11" errors="0" skipped="0" failures="0">
  <properties>
    <property name="java.specification.version" value="15"/>
    <property name="sun.cpu.isalist" value="amd64"/>
    <property name="sun.jnu.encoding" value="Cp1252"/>
    <property name="java.class.path" value="C:\Users\Siobhan\Documents\2020-2021\agile-workspace\healthtrackerapp\target\test-classes;C:\Users\Siobhan\Documents\2020-2021\agile-workspace\healthtrackerapp\target\classes;C:\Users\Siobhan\.m2\repository\org\jetbrains\kotlin\kotlin-stdlib\1.3.72\kotlin-stdlib-1.3.72.jar;C:\Users\Siobhan\.m2\repository\org\jetbrains\kotlin\kotlin-stdlib-common\1.3.72\kotlin-stdlib-common-1.3.72.jar;C:\Users\Siobhan\.m2\repository\org\jetbrains\annotations\13.0\annotations-13.0.jar;C:\Users\Siobhan\.m2\repository\org\jetbrains\kotlin\kotlin-test-junit\1.3.72\kotlin-test-junit-1.3.72.jar;C:\Users\Siobhan\.m2\repository\org\jetbrains\kotlin\kotlin-test-annotations-common\1.3.72\kotlin-test-annotations-common-1.3.72.jar;C:\Users\Siobhan\.m2\repository\org\jetbrains\kotlin\kotlin-test\1.3.72\kotlin-test-1.3.72.jar;C:\Users\Siobhan\.m2\repository\org\jetbrains\kotlin\kotlin-test-common\1.3.72\kotlin-test-common-1.3.72.jar;C:\Users\Siobhan\.m2\repository\junit\junit\4.12\junit-4.12.jar;C:\Users\Siobhan\.m2\repository\org\hamcrest\hamcrest-core\1.3\hamcrest-core-1.3.jar;C:\Users\Siobhan\.m2\repository\org\junit\jupiter\junit-jupiter-engine\5.5.2\junit-jupiter-engine-5.5.2.jar;C:\Users\Siobhan\.m2\repository\org\apiguardian\apiguardian-api\1.1.0\apiguardian-api-1.1.0.jar;C:\Users\Siobhan\.m2\repository\org\junit\platform\junit-platform-engine\1.5.2\junit-platform-engine-1.5.2.jar;C:\Users\Siobhan\.m2\repository\org\opentest4j\opentest4j\1.2.0\opentest4j-1.2.0.jar;C:\Users\Siobhan\.m2\repository\org\junit\platform\junit-platform-commons\1.5.2\junit-platform-commons-1.5.2.jar;C:\Users\Siobhan\.m2\repository\org\junit\jupiter\junit-jupiter-api\5.5.2\junit-jupiter-api-5.5.2.jar;C:\Users\Siobhan\.m2\repository\org\junit\platform\junit-platform-runner\1.5.2\junit-platform-runner-1.5.2.jar;C:\Users\Siobhan\.m2\repository\org\junit\platform\junit-platform-launcher\1.5.2\junit-platform-launcher-1.5.2.jar;C:\Users\Siobhan\.m2\repository\org\junit\platform\junit-platform-suite-api\1.5.2\junit-platform-suite-api-1.5.2.jar;C:\Users\Siobhan\.m2\repository\io\javalin\javalin\3.7.0\javalin-3.7.0.jar;C:\Users\Siobhan\.m2\repository\org\jetbrains\kotlin\kotlin-stdlib-jdk8\1.3.61\kotlin-stdlib-jdk8-1.3.61.jar;C:\Users\Siobhan\.m2\repository\org\jetbrains\kotlin\kotlin-stdlib-jdk7\1.3.61\kotlin-stdlib-jdk7-1.3.61.jar;C:\Users\Siobhan\.m2\repository\org\eclipse\jetty\jetty-server\9.4.25.v20191220\jetty-server-9.4.25.v20191220.jar;C:\Users\Siobhan\.m2\repository\javax\servlet\javax.servlet-api\3.1.0\javax.servlet-api-3.1.0.jar;C:\Users\Siobhan\.m2\repository\org\eclipse\jetty\jetty-http\9.4.25.v20191220\jetty-http-9.4.25.v20191220.jar;C:\Users\Siobhan\.m2\repository\org\eclipse\jetty\jetty-util\9.4.25.v20191220\jetty-util-9.4.25.v20191220.jar;C:\Users\Siobhan\.m2\repository\org\eclipse\jetty\jetty-io\9.4.25.v20191220\jetty-io-9.4.25.v20191220.jar;C:\Users\Siobhan\.m2\repository\org\eclipse\jetty\jetty-webapp\9.4.25.v20191220\jetty-webapp-9.4.25.v20191220.jar;C:\Users\Siobhan\.m2\repository\org\eclipse\jetty\jetty-xml\9.4.25.v20191220\jetty-xml-9.4.25.v20191220.jar;C:\Users\Siobhan\.m2\repository\org\eclipse\jetty\jetty-servlet\9.4.25.v20191220\jetty-servlet-9.4.25.v20191220.jar;C:\Users\Siobhan\.m2\repository\org\eclipse\jetty\jetty-security\9.4.25.v20191220\jetty-security-9.4.25.v20191220.jar;C:\Users\Siobhan\.m2\repository\org\eclipse\jetty\websocket\websocket-server\9.4.25.v20191220\websocket-server-9.4.25.v20191220.jar;C:\Users\Siobhan\.m2\repository\org\eclipse\jetty\websocket\websocket-common\9.4.25.v20191220\websocket-common-9.4.25.v20191220.jar;C:\Users\Siobhan\.m2\repository\org\eclipse\jetty\websocket\websocket-api\9.4.25.v20191220\websocket-api-9.4.25.v20191220.jar;C:\Users\Siobhan\.m2\repository\org\eclipse\jetty\websocket\websocket-client\9.4.25.v20191220\websocket-client-9.4.25.v20191220.jar;C:\Users\Siobhan\.m2\repository\org\eclipse\jetty\jetty-client\9.4.25.v20191220\jetty-client-9.4.25.v20191220.jar;C:\Users\Siobhan\.m2\repository\org\eclipse\jetty\websocket\websocket-servlet\9.4.25.v20191220\websocket-servlet-9.4.25.v20191220.jar;C:\Users\Siobhan\.m2\repository\org\slf4j\slf4j-api\1.8.0-beta4\slf4j-api-1.8.0-beta4.jar;C:\Users\Siobhan\.m2\repository\org\slf4j\slf4j-simple\1.8.0-beta4\slf4j-simple-1.8.0-beta4.jar;C:\Users\Siobhan\.m2\repository\com\fasterxml\jackson\core\jackson-databind\2.10.1\jackson-databind-2.10.1.jar;C:\Users\Siobhan\.m2\repository\com\fasterxml\jackson\core\jackson-annotations\2.10.1\jackson-annotations-2.10.1.jar;C:\Users\Siobhan\.m2\repository\com\fasterxml\jackson\core\jackson-core\2.10.1\jackson-core-2.10.1.jar;C:\Users\Siobhan\.m2\repository\com\fasterxml\jackson\module\jackson-module-kotlin\2.8.8\jackson-module-kotlin-2.8.8.jar;C:\Users\Siobhan\.m2\repository\org\jetbrains\kotlin\kotlin-reflect\1.1.1\kotlin-reflect-1.1.1.jar;C:\Users\Siobhan\.m2\repository\org\jetbrains\exposed\exposed\0.11.2\exposed-0.11.2.jar;C:\Users\Siobhan\.m2\repository\joda-time\joda-time\2.9.9\joda-time-2.9.9.jar;C:\Users\Siobhan\.m2\repository\org\postgresql\postgresql\42.2.2\postgresql-42.2.2.jar;C:\Users\Siobhan\.m2\repository\com\h2database\h2\1.4.197\h2-1.4.197.jar;C:\Users\Siobhan\.m2\repository\com\fasterxml\jackson\datatype\jackson-datatype-joda\2.8.7\jackson-datatype-joda-2.8.7.jar;C:\Users\Siobhan\.m2\repository\com\konghq\unirest-java\3.7.02\unirest-java-3.7.02.jar;C:\Users\Siobhan\.m2\repository\org\apache\httpcomponents\httpclient\4.5.11\httpclient-4.5.11.jar;C:\Users\Siobhan\.m2\repository\org\apache\httpcomponents\httpcore\4.4.13\httpcore-4.4.13.jar;C:\Users\Siobhan\.m2\repository\commons-logging\commons-logging\1.2\commons-logging-1.2.jar;C:\Users\Siobhan\.m2\repository\commons-codec\commons-codec\1.11\commons-codec-1.11.jar;C:\Users\Siobhan\.m2\repository\org\apache\httpcomponents\httpmime\4.5.11\httpmime-4.5.11.jar;C:\Users\Siobhan\.m2\repository\org\apache\httpcomponents\httpcore-nio\4.4.13\httpcore-nio-4.4.13.jar;C:\Users\Siobhan\.m2\repository\org\apache\httpcomponents\httpasyncclient\4.1.4\httpasyncclient-4.1.4.jar;C:\Users\Siobhan\.m2\repository\com\google\code\gson\gson\2.8.6\gson-2.8.6.jar;C:\Users\Siobhan\.m2\repository\org\assertj\assertj-core\3.11.1\assertj-core-3.11.1.jar;"/>
    <property name="java.vm.vendor" value="Oracle Corporation"/>
    <property name="sun.arch.data.model" value="64"/>
    <property name="user.variant" value=""/>
    <property name="java.vendor.url" value="https://java.oracle.com/"/>
    <property name="user.timezone" value="Europe/London"/>
    <property name="user.country.format" value="VI"/>
    <property name="os.name" value="Windows 10"/>
    <property name="java.vm.specification.version" value="15"/>
    <property name="sun.java.launcher" value="SUN_STANDARD"/>
    <property name="user.country" value="GB"/>
    <property name="sun.boot.library.path" value="C:\Program Files\Java\jdk-15\bin"/>
    <property name="sun.java.command" value="C:\Users\Siobhan\AppData\Local\Temp\surefire494139729522652315\surefirebooter17979725589726867219.jar C:\Users\Siobhan\AppData\Local\Temp\surefire494139729522652315 2020-10-08T21-15-56_527-jvmRun1 surefire687758877912244806tmp surefire_014812482669391257603tmp"/>
    <property name="jdk.debug" value="release"/>
    <property name="surefire.test.class.path" value="C:\Users\Siobhan\Documents\2020-2021\agile-workspace\healthtrackerapp\target\test-classes;C:\Users\Siobhan\Documents\2020-2021\agile-workspace\healthtrackerapp\target\classes;C:\Users\Siobhan\.m2\repository\org\jetbrains\kotlin\kotlin-stdlib\1.3.72\kotlin-stdlib-1.3.72.jar;C:\Users\Siobhan\.m2\repository\org\jetbrains\kotlin\kotlin-stdlib-common\1.3.72\kotlin-stdlib-common-1.3.72.jar;C:\Users\Siobhan\.m2\repository\org\jetbrains\annotations\13.0\annotations-13.0.jar;C:\Users\Siobhan\.m2\repository\org\jetbrains\kotlin\kotlin-test-junit\1.3.72\kotlin-test-junit-1.3.72.jar;C:\Users\Siobhan\.m2\repository\org\jetbrains\kotlin\kotlin-test-annotations-common\1.3.72\kotlin-test-annotations-common-1.3.72.jar;C:\Users\Siobhan\.m2\repository\org\jetbrains\kotlin\kotlin-test\1.3.72\kotlin-test-1.3.72.jar;C:\Users\Siobhan\.m2\repository\org\jetbrains\kotlin\kotlin-test-common\1.3.72\kotlin-test-common-1.3.72.jar;C:\Users\Siobhan\.m2\repository\junit\junit\4.12\junit-4.12.jar;C:\Users\Siobhan\.m2\repository\org\hamcrest\hamcrest-core\1.3\hamcrest-core-1.3.jar;C:\Users\Siobhan\.m2\repository\org\junit\jupiter\junit-jupiter-engine\5.5.2\junit-jupiter-engine-5.5.2.jar;C:\Users\Siobhan\.m2\repository\org\apiguardian\apiguardian-api\1.1.0\apiguardian-api-1.1.0.jar;C:\Users\Siobhan\.m2\repository\org\junit\platform\junit-platform-engine\1.5.2\junit-platform-engine-1.5.2.jar;C:\Users\Siobhan\.m2\repository\org\opentest4j\opentest4j\1.2.0\opentest4j-1.2.0.jar;C:\Users\Siobhan\.m2\repository\org\junit\platform\junit-platform-commons\1.5.2\junit-platform-commons-1.5.2.jar;C:\Users\Siobhan\.m2\repository\org\junit\jupiter\junit-jupiter-api\5.5.2\junit-jupiter-api-5.5.2.jar;C:\Users\Siobhan\.m2\repository\org\junit\platform\junit-platform-runner\1.5.2\junit-platform-runner-1.5.2.jar;C:\Users\Siobhan\.m2\repository\org\junit\platform\junit-platform-launcher\1.5.2\junit-platform-launcher-1.5.2.jar;C:\Users\Siobhan\.m2\repository\org\junit\platform\junit-platform-suite-api\1.5.2\junit-platform-suite-api-1.5.2.jar;C:\Users\Siobhan\.m2\repository\io\javalin\javalin\3.7.0\javalin-3.7.0.jar;C:\Users\Siobhan\.m2\repository\org\jetbrains\kotlin\kotlin-stdlib-jdk8\1.3.61\kotlin-stdlib-jdk8-1.3.61.jar;C:\Users\Siobhan\.m2\repository\org\jetbrains\kotlin\kotlin-stdlib-jdk7\1.3.61\kotlin-stdlib-jdk7-1.3.61.jar;C:\Users\Siobhan\.m2\repository\org\eclipse\jetty\jetty-server\9.4.25.v20191220\jetty-server-9.4.25.v20191220.jar;C:\Users\Siobhan\.m2\repository\javax\servlet\javax.servlet-api\3.1.0\javax.servlet-api-3.1.0.jar;C:\Users\Siobhan\.m2\repository\org\eclipse\jetty\jetty-http\9.4.25.v20191220\jetty-http-9.4.25.v20191220.jar;C:\Users\Siobhan\.m2\repository\org\eclipse\jetty\jetty-util\9.4.25.v20191220\jetty-util-9.4.25.v20191220.jar;C:\Users\Siobhan\.m2\repository\org\eclipse\jetty\jetty-io\9.4.25.v20191220\jetty-io-9.4.25.v20191220.jar;C:\Users\Siobhan\.m2\repository\org\eclipse\jetty\jetty-webapp\9.4.25.v20191220\jetty-webapp-9.4.25.v20191220.jar;C:\Users\Siobhan\.m2\repository\org\eclipse\jetty\jetty-xml\9.4.25.v20191220\jetty-xml-9.4.25.v20191220.jar;C:\Users\Siobhan\.m2\repository\org\eclipse\jetty\jetty-servlet\9.4.25.v20191220\jetty-servlet-9.4.25.v20191220.jar;C:\Users\Siobhan\.m2\repository\org\eclipse\jetty\jetty-security\9.4.25.v20191220\jetty-security-9.4.25.v20191220.jar;C:\Users\Siobhan\.m2\repository\org\eclipse\jetty\websocket\websocket-server\9.4.25.v20191220\websocket-server-9.4.25.v20191220.jar;C:\Users\Siobhan\.m2\repository\org\eclipse\jetty\websocket\websocket-common\9.4.25.v20191220\websocket-common-9.4.25.v20191220.jar;C:\Users\Siobhan\.m2\repository\org\eclipse\jetty\websocket\websocket-api\9.4.25.v20191220\websocket-api-9.4.25.v20191220.jar;C:\Users\Siobhan\.m2\repository\org\eclipse\jetty\websocket\websocket-client\9.4.25.v20191220\websocket-client-9.4.25.v20191220.jar;C:\Users\Siobhan\.m2\repository\org\eclipse\jetty\jetty-client\9.4.25.v20191220\jetty-client-9.4.25.v20191220.jar;C:\Users\Siobhan\.m2\repository\org\eclipse\jetty\websocket\websocket-servlet\9.4.25.v20191220\websocket-servlet-9.4.25.v20191220.jar;C:\Users\Siobhan\.m2\repository\org\slf4j\slf4j-api\1.8.0-beta4\slf4j-api-1.8.0-beta4.jar;C:\Users\Siobhan\.m2\repository\org\slf4j\slf4j-simple\1.8.0-beta4\slf4j-simple-1.8.0-beta4.jar;C:\Users\Siobhan\.m2\repository\com\fasterxml\jackson\core\jackson-databind\2.10.1\jackson-databind-2.10.1.jar;C:\Users\Siobhan\.m2\repository\com\fasterxml\jackson\core\jackson-annotations\2.10.1\jackson-annotations-2.10.1.jar;C:\Users\Siobhan\.m2\repository\com\fasterxml\jackson\core\jackson-core\2.10.1\jackson-core-2.10.1.jar;C:\Users\Siobhan\.m2\repository\com\fasterxml\jackson\module\jackson-module-kotlin\2.8.8\jackson-module-kotlin-2.8.8.jar;C:\Users\Siobhan\.m2\repository\org\jetbrains\kotlin\kotlin-reflect\1.1.1\kotlin-reflect-1.1.1.jar;C:\Users\Siobhan\.m2\repository\org\jetbrains\exposed\exposed\0.11.2\exposed-0.11.2.jar;C:\Users\Siobhan\.m2\repository\joda-time\joda-time\2.9.9\joda-time-2.9.9.jar;C:\Users\Siobhan\.m2\repository\org\postgresql\postgresql\42.2.2\postgresql-42.2.2.jar;C:\Users\Siobhan\.m2\repository\com\h2database\h2\1.4.197\h2-1.4.197.jar;C:\Users\Siobhan\.m2\repository\com\fasterxml\jackson\datatype\jackson-datatype-joda\2.8.7\jackson-datatype-joda-2.8.7.jar;C:\Users\Siobhan\.m2\repository\com\konghq\unirest-java\3.7.02\unirest-java-3.7.02.jar;C:\Users\Siobhan\.m2\repository\org\apache\httpcomponents\httpclient\4.5.11\httpclient-4.5.11.jar;C:\Users\Siobhan\.m2\repository\org\apache\httpcomponents\httpcore\4.4.13\httpcore-4.4.13.jar;C:\Users\Siobhan\.m2\repository\commons-logging\commons-logging\1.2\commons-logging-1.2.jar;C:\Users\Siobhan\.m2\repository\commons-codec\commons-codec\1.11\commons-codec-1.11.jar;C:\Users\Siobhan\.m2\repository\org\apache\httpcomponents\httpmime\4.5.11\httpmime-4.5.11.jar;C:\Users\Siobhan\.m2\repository\org\apache\httpcomponents\httpcore-nio\4.4.13\httpcore-nio-4.4.13.jar;C:\Users\Siobhan\.m2\repository\org\apache\httpcomponents\httpasyncclient\4.1.4\httpasyncclient-4.1.4.jar;C:\Users\Siobhan\.m2\repository\com\google\code\gson\gson\2.8.6\gson-2.8.6.jar;C:\Users\Siobhan\.m2\repository\org\assertj\assertj-core\3.11.1\assertj-core-3.11.1.jar;"/>
    <property name="sun.cpu.endian" value="little"/>
    <property name="user.home" value="C:\Users\Siobhan"/>
    <property name="user.language" value="en"/>
    <property name="java.specification.vendor" value="Oracle Corporation"/>
    <property name="java.version.date" value="2020-09-15"/>
    <property name="java.home" value="C:\Program Files\Java\jdk-15"/>
    <property name="file.separator" value="\"/>
    <property name="basedir" value="C:\Users\Siobhan\Documents\2020-2021\agile-workspace\healthtrackerapp"/>
    <property name="java.vm.compressedOopsMode" value="Zero based"/>
    <property name="line.separator" value="&#10;"/>
    <property name="java.vm.specification.vendor" value="Oracle Corporation"/>
    <property name="java.specification.name" value="Java Platform API Specification"/>
    <property name="surefire.real.class.path" value="C:\Users\Siobhan\AppData\Local\Temp\surefire494139729522652315\surefirebooter17979725589726867219.jar"/>
    <property name="user.script" value=""/>
    <property name="sun.management.compiler" value="HotSpot 64-Bit Tiered Compilers"/>
    <property name="java.runtime.version" value="15+36-1562"/>
    <property name="user.name" value="Siobhan"/>
    <property name="path.separator" value=";"/>
    <property name="os.version" value="10.0"/>
    <property name="java.runtime.name" value="Java(TM) SE Runtime Environment"/>
    <property name="file.encoding" value="Cp1252"/>
    <property name="java.vm.name" value="Java HotSpot(TM) 64-Bit Server VM"/>
    <property name="localRepository" value="C:\Users\Siobhan\.m2\repository"/>
    <property name="java.vendor.url.bug" value="https://bugreport.java.com/bugreport/"/>
    <property name="java.io.tmpdir" value="C:\Users\Siobhan\AppData\Local\Temp\"/>
    <property name="idea.version" value="2020.2.1"/>
    <property name="java.version" value="15"/>
    <property name="user.dir" value="C:\Users\Siobhan\Documents\2020-2021\agile-workspace\healthtrackerapp"/>
    <property name="os.arch" value="amd64"/>
    <property name="java.vm.specification.name" value="Java Virtual Machine Specification"/>
    <property name="sun.os.patch.level" value=""/>
    <property name="java.library.path" value="C:\Program Files\Java\jdk-15\bin;C:\Windows\Sun\Java\bin;C:\Windows\system32;C:\Windows;C:\Program Files\Common Files\Oracle\Java\javapath;C:\Windows\system32;C:\Windows;C:\Windows\System32\Wbem;C:\Windows\System32\WindowsPowerShell\v1.0\;C:\Windows\System32\OpenSSH\;C:\Program Files (x86)\NVIDIA Corporation\PhysX\Common;C:\Program Files\NVIDIA Corporation\NVIDIA NvDLISR;C:\Program Files\Intel\WiFi\bin\;C:\Program Files\Common Files\Intel\WirelessCommon\;C:\dev\nodejs\;C:\Program Files\Git\cmd;C:\Users\Siobhan\AppData\Local\Microsoft\WindowsApps;C:\Users\Siobhan\AppData\Roaming\npm;C:\Users\Siobhan\AppData\Local\atom\bin;C:\Program Files\heroku\bin;."/>
    <property name="java.vm.info" value="mixed mode, sharing"/>
    <property name="java.vendor" value="Oracle Corporation"/>
    <property name="java.vm.version" value="15+36-1562"/>
    <property name="sun.io.unicode.encoding" value="UnicodeLittle"/>
    <property name="java.class.version" value="59.0"/>
  </properties>
  <testcase name="multiple users added to table can be retrieved successfully" classname="org.wit.repository.UserDAOTest$CreateUsers" time="0.006"/>
  <testcase name="get all users over empty table returns none" classname="org.wit.repository.UserDAOTest$CreateUsers" time="0.004"/>
  <testcase name="get user by email that exists, results in correct user returned" classname="org.wit.repository.UserDAOTest$CreateUsers" time="0.004"/>
  <testcase name="get user by email that doesn&apos;t exist, results in no user returned" classname="org.wit.repository.UserDAOTest$CreateUsers" time="0.005"/>
  <testcase name="get user by id that doesn&apos;t exist, results in no user returned" classname="org.wit.repository.UserDAOTest$ReadUsers" time="0.005"/>
  <testcase name="getting all users from a populated table returns all rows" classname="org.wit.repository.UserDAOTest$ReadUsers" time="0.005"/>
  <testcase name="get user by id that exists, results in a correct user returned" classname="org.wit.repository.UserDAOTest$ReadUsers" time="0.005"/>
  <testcase name="updating existing user in table results in successful update" classname="org.wit.repository.UserDAOTest$UpdateUsers" time="0.005"/>
  <testcase name="updating non-existant user in table results in no updates" classname="org.wit.repository.UserDAOTest$UpdateUsers" time="0.005"/>
  <testcase name="deleting a non-existant user in table results in no deletion" classname="org.wit.repository.UserDAOTest$DeleteUsers" time="0.006"/>
  <testcase name="deleting an existing user in table results in record being deleted" classname="org.wit.repository.UserDAOTest$DeleteUsers" time="0.005"/>
</testsuite>